2024-05-30T14:52:24.935+03:00  INFO 8424 --- [main] c.e.r.ResourceServerApplication          : Starting ResourceServerApplication using Java 21.0.1 with PID 8424 (D:\JAVA\Projects\springOauth\resourceServer\build\classes\java\main started by User in D:\JAVA\Projects\springOauth)
2024-05-30T14:52:24.949+03:00  INFO 8424 --- [main] c.e.r.ResourceServerApplication          : No active profile set, falling back to 1 default profile: "default"
2024-05-30T14:52:25.885+03:00  INFO 8424 --- [main] o.s.b.w.embedded.tomcat.TomcatWebServer  : Tomcat initialized with port 8083 (http)
2024-05-30T14:52:25.896+03:00  INFO 8424 --- [main] o.apache.catalina.core.StandardService   : Starting service [Tomcat]
2024-05-30T14:52:25.897+03:00  INFO 8424 --- [main] o.apache.catalina.core.StandardEngine    : Starting Servlet engine: [Apache Tomcat/10.1.20]
2024-05-30T14:52:25.956+03:00  INFO 8424 --- [main] o.a.c.c.C.[Tomcat].[localhost].[/]       : Initializing Spring embedded WebApplicationContext
2024-05-30T14:52:25.956+03:00  INFO 8424 --- [main] w.s.c.ServletWebServerApplicationContext : Root WebApplicationContext: initialization completed in 953 ms
2024-05-30T14:52:26.084+03:00 TRACE 8424 --- [main] eGlobalAuthenticationAutowiredConfigurer : Eagerly initializing {org.springframework.boot.autoconfigure.security.servlet.SpringBootWebSecurityConfiguration$WebSecurityEnablerConfiguration=org.springframework.boot.autoconfigure.security.servlet.SpringBootWebSecurityConfiguration$WebSecurityEnablerConfiguration@4d6ccc97}
2024-05-30T14:52:26.086+03:00 DEBUG 8424 --- [main] swordEncoderAuthenticationManagerBuilder : No authenticationProviders and no parentAuthenticationManager defined. Returning null.
2024-05-30T14:52:26.575+03:00  INFO 8424 --- [main] o.s.s.web.DefaultSecurityFilterChain     : Will secure any request with [org.springframework.security.web.session.DisableEncodeUrlFilter@6b9fdbc6, org.springframework.security.web.context.request.async.WebAsyncManagerIntegrationFilter@79476a4e, org.springframework.security.web.context.SecurityContextHolderFilter@468e8565, org.springframework.security.web.header.HeaderWriterFilter@7bc6935c, org.springframework.web.filter.CorsFilter@52ae997b, org.springframework.security.web.csrf.CsrfFilter@63f6bed1, org.springframework.security.web.authentication.logout.LogoutFilter@d7bbf12, org.springframework.security.oauth2.server.resource.web.authentication.BearerTokenAuthenticationFilter@60f21960, org.springframework.security.web.savedrequest.RequestCacheAwareFilter@7066363, org.springframework.security.web.servletapi.SecurityContextHolderAwareRequestFilter@75b38c36, org.springframework.security.web.authentication.AnonymousAuthenticationFilter@f557c37, org.springframework.security.web.access.ExceptionTranslationFilter@3513c84c, org.springframework.security.web.access.intercept.AuthorizationFilter@47272cd3]
2024-05-30T14:52:26.810+03:00  INFO 8424 --- [main] o.s.b.w.embedded.tomcat.TomcatWebServer  : Tomcat started on port 8083 (http) with context path ''
2024-05-30T14:52:26.820+03:00  INFO 8424 --- [main] c.e.r.ResourceServerApplication          : Started ResourceServerApplication in 2.321 seconds (process running for 2.832)
2024-05-30T14:53:09.862+03:00  INFO 8424 --- [http-nio-8083-exec-1] o.a.c.c.C.[Tomcat].[localhost].[/]       : Initializing Spring DispatcherServlet 'dispatcherServlet'
2024-05-30T14:53:09.862+03:00  INFO 8424 --- [http-nio-8083-exec-1] o.s.web.servlet.DispatcherServlet        : Initializing Servlet 'dispatcherServlet'
2024-05-30T14:53:09.863+03:00  INFO 8424 --- [http-nio-8083-exec-1] o.s.web.servlet.DispatcherServlet        : Completed initialization in 1 ms
2024-05-30T14:53:09.874+03:00 TRACE 8424 --- [http-nio-8083-exec-1] o.s.security.web.FilterChainProxy        : Trying to match request against DefaultSecurityFilterChain [RequestMatcher=any request, Filters=[org.springframework.security.web.session.DisableEncodeUrlFilter@6b9fdbc6, org.springframework.security.web.context.request.async.WebAsyncManagerIntegrationFilter@79476a4e, org.springframework.security.web.context.SecurityContextHolderFilter@468e8565, org.springframework.security.web.header.HeaderWriterFilter@7bc6935c, org.springframework.web.filter.CorsFilter@52ae997b, org.springframework.security.web.csrf.CsrfFilter@63f6bed1, org.springframework.security.web.authentication.logout.LogoutFilter@d7bbf12, org.springframework.security.oauth2.server.resource.web.authentication.BearerTokenAuthenticationFilter@60f21960, org.springframework.security.web.savedrequest.RequestCacheAwareFilter@7066363, org.springframework.security.web.servletapi.SecurityContextHolderAwareRequestFilter@75b38c36, org.springframework.security.web.authentication.AnonymousAuthenticationFilter@f557c37, org.springframework.security.web.access.ExceptionTranslationFilter@3513c84c, org.springframework.security.web.access.intercept.AuthorizationFilter@47272cd3]] (1/1)
2024-05-30T14:53:09.875+03:00 DEBUG 8424 --- [http-nio-8083-exec-1] o.s.security.web.FilterChainProxy        : Securing GET /
2024-05-30T14:53:09.875+03:00 TRACE 8424 --- [http-nio-8083-exec-1] o.s.security.web.FilterChainProxy        : Invoking DisableEncodeUrlFilter (1/13)
2024-05-30T14:53:09.875+03:00 TRACE 8424 --- [http-nio-8083-exec-1] o.s.security.web.FilterChainProxy        : Invoking WebAsyncManagerIntegrationFilter (2/13)
2024-05-30T14:53:09.876+03:00 TRACE 8424 --- [http-nio-8083-exec-1] o.s.security.web.FilterChainProxy        : Invoking SecurityContextHolderFilter (3/13)
2024-05-30T14:53:09.877+03:00 TRACE 8424 --- [http-nio-8083-exec-1] o.s.security.web.FilterChainProxy        : Invoking HeaderWriterFilter (4/13)
2024-05-30T14:53:09.878+03:00 TRACE 8424 --- [http-nio-8083-exec-1] o.s.security.web.FilterChainProxy        : Invoking CorsFilter (5/13)
2024-05-30T14:53:09.879+03:00 TRACE 8424 --- [http-nio-8083-exec-1] o.s.security.web.FilterChainProxy        : Invoking CsrfFilter (6/13)
2024-05-30T14:53:09.880+03:00 TRACE 8424 --- [http-nio-8083-exec-1] o.s.security.web.csrf.CsrfFilter         : Did not protect against CSRF since request did not match And [CsrfNotRequired [TRACE, HEAD, GET, OPTIONS], Not [Or [org.springframework.security.config.annotation.web.configurers.oauth2.server.resource.OAuth2ResourceServerConfigurer$BearerTokenRequestMatcher@79f90a3a]]]
2024-05-30T14:53:09.880+03:00 TRACE 8424 --- [http-nio-8083-exec-1] o.s.security.web.FilterChainProxy        : Invoking LogoutFilter (7/13)
2024-05-30T14:53:09.880+03:00 TRACE 8424 --- [http-nio-8083-exec-1] o.s.s.w.a.logout.LogoutFilter            : Did not match request to Ant [pattern='/logout', POST]
2024-05-30T14:53:09.880+03:00 TRACE 8424 --- [http-nio-8083-exec-1] o.s.security.web.FilterChainProxy        : Invoking BearerTokenAuthenticationFilter (8/13)
2024-05-30T14:53:09.883+03:00 TRACE 8424 --- [http-nio-8083-exec-1] o.s.s.authentication.ProviderManager     : Authenticating request with JwtAuthenticationProvider (1/2)
2024-05-30T14:53:09.945+03:00 TRACE 8424 --- [http-nio-8083-exec-1] s.o.s.r.a.JwtGrantedAuthoritiesConverter : Looking for scopes in claim scope
2024-05-30T14:53:09.946+03:00 TRACE 8424 --- [http-nio-8083-exec-1] s.o.s.r.a.JwtGrantedAuthoritiesConverter : Looking for scopes in claim roles
2024-05-30T14:53:09.946+03:00 DEBUG 8424 --- [http-nio-8083-exec-1] o.s.s.o.s.r.a.JwtAuthenticationProvider  : Authenticated token
2024-05-30T14:53:09.946+03:00 DEBUG 8424 --- [http-nio-8083-exec-1] .s.r.w.a.BearerTokenAuthenticationFilter : Set SecurityContextHolder to JwtAuthenticationToken [Principal=org.springframework.security.oauth2.jwt.Jwt@5d9c87f2, Credentials=[PROTECTED], Authenticated=true, Details=WebAuthenticationDetails [RemoteIpAddress=127.0.0.1, SessionId=null], Granted Authorities=[SCOPE_user.read, SCOPE_user.write, ROLE_ROLE_USER]]
2024-05-30T14:53:09.947+03:00 TRACE 8424 --- [http-nio-8083-exec-1] o.s.security.web.FilterChainProxy        : Invoking RequestCacheAwareFilter (9/13)
2024-05-30T14:53:09.947+03:00 TRACE 8424 --- [http-nio-8083-exec-1] o.s.s.w.s.HttpSessionRequestCache        : matchingRequestParameterName is required for getMatchingRequest to lookup a value, but not provided
2024-05-30T14:53:09.947+03:00 TRACE 8424 --- [http-nio-8083-exec-1] o.s.security.web.FilterChainProxy        : Invoking SecurityContextHolderAwareRequestFilter (10/13)
2024-05-30T14:53:09.948+03:00 TRACE 8424 --- [http-nio-8083-exec-1] o.s.security.web.FilterChainProxy        : Invoking AnonymousAuthenticationFilter (11/13)
2024-05-30T14:53:09.948+03:00 TRACE 8424 --- [http-nio-8083-exec-1] o.s.security.web.FilterChainProxy        : Invoking ExceptionTranslationFilter (12/13)
2024-05-30T14:53:09.948+03:00 TRACE 8424 --- [http-nio-8083-exec-1] o.s.security.web.FilterChainProxy        : Invoking AuthorizationFilter (13/13)
2024-05-30T14:53:09.949+03:00 TRACE 8424 --- [http-nio-8083-exec-1] estMatcherDelegatingAuthorizationManager : Authorizing SecurityContextHolderAwareRequestWrapper[ org.springframework.security.web.header.HeaderWriterFilter$HeaderWriterRequest@2eb8ada7]
2024-05-30T14:53:09.949+03:00 TRACE 8424 --- [http-nio-8083-exec-1] estMatcherDelegatingAuthorizationManager : Checking authorization on SecurityContextHolderAwareRequestWrapper[ org.springframework.security.web.header.HeaderWriterFilter$HeaderWriterRequest@2eb8ada7] using org.springframework.security.authorization.AuthenticatedAuthorizationManager@602a67c
2024-05-30T14:53:09.949+03:00 TRACE 8424 --- [http-nio-8083-exec-1] o.s.s.w.a.AnonymousAuthenticationFilter  : Did not set SecurityContextHolder since already authenticated JwtAuthenticationToken [Principal=org.springframework.security.oauth2.jwt.Jwt@5d9c87f2, Credentials=[PROTECTED], Authenticated=true, Details=WebAuthenticationDetails [RemoteIpAddress=127.0.0.1, SessionId=null], Granted Authorities=[SCOPE_user.read, SCOPE_user.write, ROLE_ROLE_USER]]
2024-05-30T14:53:09.949+03:00 DEBUG 8424 --- [http-nio-8083-exec-1] o.s.security.web.FilterChainProxy        : Secured GET /
2024-05-30T14:53:09.980+03:00 TRACE 8424 --- [http-nio-8083-exec-1] o.s.s.w.header.writers.HstsHeaderWriter  : Not injecting HSTS header since it did not match request to [Is Secure]
2024-05-30T14:56:07.356+03:00  INFO 15312 --- [main] c.e.r.ResourceServerApplication          : Starting ResourceServerApplication using Java 21.0.1 with PID 15312 (D:\JAVA\Projects\springOauth\resourceServer\build\classes\java\main started by User in D:\JAVA\Projects\springOauth)
2024-05-30T14:56:07.358+03:00  INFO 15312 --- [main] c.e.r.ResourceServerApplication          : No active profile set, falling back to 1 default profile: "default"
2024-05-30T14:56:08.317+03:00  INFO 15312 --- [main] o.s.b.w.embedded.tomcat.TomcatWebServer  : Tomcat initialized with port 8083 (http)
2024-05-30T14:56:08.326+03:00  INFO 15312 --- [main] o.apache.catalina.core.StandardService   : Starting service [Tomcat]
2024-05-30T14:56:08.326+03:00  INFO 15312 --- [main] o.apache.catalina.core.StandardEngine    : Starting Servlet engine: [Apache Tomcat/10.1.20]
2024-05-30T14:56:08.366+03:00  INFO 15312 --- [main] o.a.c.c.C.[Tomcat].[localhost].[/]       : Initializing Spring embedded WebApplicationContext
2024-05-30T14:56:08.367+03:00  INFO 15312 --- [main] w.s.c.ServletWebServerApplicationContext : Root WebApplicationContext: initialization completed in 955 ms
2024-05-30T14:56:08.489+03:00 TRACE 15312 --- [main] eGlobalAuthenticationAutowiredConfigurer : Eagerly initializing {org.springframework.boot.autoconfigure.security.servlet.SpringBootWebSecurityConfiguration$WebSecurityEnablerConfiguration=org.springframework.boot.autoconfigure.security.servlet.SpringBootWebSecurityConfiguration$WebSecurityEnablerConfiguration@54755dd9}
2024-05-30T14:56:08.490+03:00 DEBUG 15312 --- [main] swordEncoderAuthenticationManagerBuilder : No authenticationProviders and no parentAuthenticationManager defined. Returning null.
2024-05-30T14:56:08.759+03:00  INFO 15312 --- [main] o.s.s.web.DefaultSecurityFilterChain     : Will secure any request with [org.springframework.security.web.session.DisableEncodeUrlFilter@38291795, org.springframework.security.web.context.request.async.WebAsyncManagerIntegrationFilter@234c5e41, org.springframework.security.web.context.SecurityContextHolderFilter@7c0f28f8, org.springframework.security.web.header.HeaderWriterFilter@7f353a0f, org.springframework.web.filter.CorsFilter@40ef0af8, org.springframework.security.web.csrf.CsrfFilter@3e3cd6fe, org.springframework.security.web.authentication.logout.LogoutFilter@1b90fee4, org.springframework.security.oauth2.server.resource.web.authentication.BearerTokenAuthenticationFilter@5d1b1c2a, org.springframework.security.web.savedrequest.RequestCacheAwareFilter@467b0f6e, org.springframework.security.web.servletapi.SecurityContextHolderAwareRequestFilter@474179fa, org.springframework.security.web.authentication.AnonymousAuthenticationFilter@36790bec, org.springframework.security.web.access.ExceptionTranslationFilter@481558ce, org.springframework.security.web.access.intercept.AuthorizationFilter@17e0933c]
2024-05-30T14:56:09.000+03:00  INFO 15312 --- [main] o.s.b.w.embedded.tomcat.TomcatWebServer  : Tomcat started on port 8083 (http) with context path ''
2024-05-30T14:56:09.008+03:00  INFO 15312 --- [main] c.e.r.ResourceServerApplication          : Started ResourceServerApplication in 2.032 seconds (process running for 2.481)
